[     833ms] [ERROR] Failed to load resource: the server responded with a status of 500 (Internal Server Error) @ http://localhost:3003/blog:0
[    1186ms] Error: Invalid src prop (https://cdn.prod.website-files.com/68684afdb2c32b34342f1554/69a86150eab6be65fc11c332_Senior%20Man%20Taking%20Notes.png) on `next/image`, hostname "cdn.prod.website-files.com" is not configured under images in your `next.config.js`
See more info: https://nextjs.org/docs/messages/next-image-unconfigured-host
    at defaultLoader (http://localhost:3003/_next/static/chunks/b2b3e_next_37dd01d7._.js:2771:49)
    at http://localhost:3003/_next/static/chunks/b2b3e_next_37dd01d7._.js:216:39
    at Array.map (<anonymous>)
    at generateImgAttrs (http://localhost:3003/_next/static/chunks/b2b3e_next_37dd01d7._.js:216:24)
    at getImgProps (http://localhost:3003/_next/static/chunks/b2b3e_next_37dd01d7._.js:629:27)
    at http://localhost:3003/_next/static/chunks/b2b3e_next_37dd01d7._.js:3796:82
    at Object.react_stack_bottom_frame (http://localhost:3003/_next/static/chunks/b2b3e_next_dist_compiled_react-dom_d19f9ff6._.js:14826:24)
    at renderWithHooks (http://localhost:3003/_next/static/chunks/b2b3e_next_dist_compiled_react-dom_d19f9ff6._.js:4651:24)
    at updateForwardRef (http://localhost:3003/_next/static/chunks/b2b3e_next_dist_compiled_react-dom_d19f9ff6._.js:5939:21)
    at beginWork (http://localhost:3003/_next/static/chunks/b2b3e_next_dist_compiled_react-dom_d19f9ff6._.js:6693:46)
    at runWithFiberInDEV (http://localhost:3003/_next/static/chunks/b2b3e_next_dist_compiled_react-dom_d19f9ff6._.js:965:74)
    at performUnitOfWork (http://localhost:3003/_next/static/chunks/b2b3e_next_dist_compiled_react-dom_d19f9ff6._.js:9562:97)
    at workLoopSync (http://localhost:3003/_next/static/chunks/b2b3e_next_dist_compiled_react-dom_d19f9ff6._.js:9456:40)
    at renderRootSync (http://localhost:3003/_next/static/chunks/b2b3e_next_dist_compiled_react-dom_d19f9ff6._.js:9440:13)
    at performWorkOnRoot (http://localhost:3003/_next/static/chunks/b2b3e_next_dist_compiled_react-dom_d19f9ff6._.js:9105:47)
    at performWorkOnRootViaSchedulerTask (http://localhost:3003/_next/static/chunks/b2b3e_next_dist_compiled_react-dom_d19f9ff6._.js:10230:9)
    at MessagePort.performWorkUntilDeadline (http://localhost:3003/_next/static/chunks/b2b3e_next_dist_compiled_a8f11176._.js:2647:64)
[    4215ms] [WARNING] The resource http://localhost:3003/_next/static/chunks/src_app_globals_91e4631d.css was preloaded using link preload but not used within a few seconds from the window's load event. Please make sure it has an appropriate `as` value and it is preloaded intentionally. @ http://localhost:3003/blog:0
[   67186ms] [ERROR] WebSocket connection to 'ws://localhost:3003/_next/webpack-hmr?id=mUaj-lLPQyCeIgnlb1CZm' failed: Connection closed before receiving a handshake response @ http://localhost:3003/_next/static/chunks/b2b3e_next_dist_client_121ab40e._.js:10878
[   68191ms] [ERROR] WebSocket connection to 'ws://localhost:3003/_next/webpack-hmr?id=mUaj-lLPQyCeIgnlb1CZm' failed: Error in connection establishment: net::ERR_CONNECTION_REFUSED @ http://localhost:3003/_next/static/chunks/b2b3e_next_dist_client_121ab40e._.js:10878
[   69193ms] [ERROR] WebSocket connection to 'ws://localhost:3003/_next/webpack-hmr?id=mUaj-lLPQyCeIgnlb1CZm' failed: Error in connection establishment: net::ERR_CONNECTION_REFUSED @ http://localhost:3003/_next/static/chunks/b2b3e_next_dist_client_121ab40e._.js:10878
[   70194ms] [ERROR] WebSocket connection to 'ws://localhost:3003/_next/webpack-hmr?id=mUaj-lLPQyCeIgnlb1CZm' failed: Error in connection establishment: net::ERR_CONNECTION_REFUSED @ http://localhost:3003/_next/static/chunks/b2b3e_next_dist_client_121ab40e._.js:10878
[   71199ms] [ERROR] WebSocket connection to 'ws://localhost:3003/_next/webpack-hmr?id=mUaj-lLPQyCeIgnlb1CZm' failed: Error in connection establishment: net::ERR_CONNECTION_REFUSED @ http://localhost:3003/_next/static/chunks/b2b3e_next_dist_client_121ab40e._.js:10878
[   76201ms] [ERROR] WebSocket connection to 'ws://localhost:3003/_next/webpack-hmr?id=mUaj-lLPQyCeIgnlb1CZm' failed: Error in connection establishment: net::ERR_CONNECTION_REFUSED @ http://localhost:3003/_next/static/chunks/b2b3e_next_dist_client_121ab40e._.js:10878
[   81204ms] [ERROR] WebSocket connection to 'ws://localhost:3003/_next/webpack-hmr?id=mUaj-lLPQyCeIgnlb1CZm' failed: Error in connection establishment: net::ERR_CONNECTION_REFUSED @ http://localhost:3003/_next/static/chunks/b2b3e_next_dist_client_121ab40e._.js:10878
[   86206ms] [ERROR] WebSocket connection to 'ws://localhost:3003/_next/webpack-hmr?id=mUaj-lLPQyCeIgnlb1CZm' failed: Error in connection establishment: net::ERR_CONNECTION_REFUSED @ http://localhost:3003/_next/static/chunks/b2b3e_next_dist_client_121ab40e._.js:10878
[   91209ms] [ERROR] WebSocket connection to 'ws://localhost:3003/_next/webpack-hmr?id=mUaj-lLPQyCeIgnlb1CZm' failed: Error in connection establishment: net::ERR_CONNECTION_REFUSED @ http://localhost:3003/_next/static/chunks/b2b3e_next_dist_client_121ab40e._.js:10878
[   96211ms] [ERROR] WebSocket connection to 'ws://localhost:3003/_next/webpack-hmr?id=mUaj-lLPQyCeIgnlb1CZm' failed: Error in connection establishment: net::ERR_CONNECTION_REFUSED @ http://localhost:3003/_next/static/chunks/b2b3e_next_dist_client_121ab40e._.js:10878
[  101217ms] [ERROR] WebSocket connection to 'ws://localhost:3003/_next/webpack-hmr?id=mUaj-lLPQyCeIgnlb1CZm' failed: Error in connection establishment: net::ERR_CONNECTION_REFUSED @ http://localhost:3003/_next/static/chunks/b2b3e_next_dist_client_121ab40e._.js:10878
[  106222ms] [ERROR] WebSocket connection to 'ws://localhost:3003/_next/webpack-hmr?id=mUaj-lLPQyCeIgnlb1CZm' failed: Error in connection establishment: net::ERR_CONNECTION_REFUSED @ http://localhost:3003/_next/static/chunks/b2b3e_next_dist_client_121ab40e._.js:10878
