[    1385ms] [ERROR] Failed to load resource: the server responded with a status of 404 (Not Found) @ http://localhost:3003/fonts/aeonik/Aeonik-Regular.woff2:0
[    1439ms] [ERROR] Failed to load resource: the server responded with a status of 404 (Not Found) @ http://localhost:3003/fonts/aeonik/Aeonik-Bold.woff2:0
[    1440ms] [ERROR] Failed to load resource: the server responded with a status of 404 (Not Found) @ http://localhost:3003/fonts/aeonik-mono/AeonikMono-Regular.woff2:0
[    1440ms] [ERROR] Failed to load resource: the server responded with a status of 404 (Not Found) @ http://localhost:3003/fonts/nohemi/Nohemi-Medium.woff2:0
[ 2741328ms] ReferenceError: supabase is not defined
    at getBlogPosts (about://React/Server/file:///home/dumbo/DumboHealth/webflow/.next/dev/server/chunks/ssr/%5Broot-of-the-server%5D__897dd872._.js?140:512:17)
    at BlogPage (about://React/Server/file:///home/dumbo/DumboHealth/webflow/.next/dev/server/chunks/ssr/%5Broot-of-the-server%5D__897dd872._.js?141:679:164)
    at resolveErrorDev (http://localhost:3003/_next/static/chunks/b2b3e_next_dist_compiled_react-server-dom-turbopack_1182ddf0._.js:1894:148)
    at processFullStringRow (http://localhost:3003/_next/static/chunks/b2b3e_next_dist_compiled_react-server-dom-turbopack_1182ddf0._.js:2402:29)
    at processFullBinaryRow (http://localhost:3003/_next/static/chunks/b2b3e_next_dist_compiled_react-server-dom-turbopack_1182ddf0._.js:2361:9)
    at processBinaryChunk (http://localhost:3003/_next/static/chunks/b2b3e_next_dist_compiled_react-server-dom-turbopack_1182ddf0._.js:2470:221)
    at progress (http://localhost:3003/_next/static/chunks/b2b3e_next_dist_compiled_react-server-dom-turbopack_1182ddf0._.js:2640:13)
[ 2741617ms] [ERROR] Failed to load resource: the server responded with a status of 404 (Not Found) @ http://localhost:3003/fonts/nohemi/Nohemi-Regular.woff2:0
[ 2744717ms] [WARNING] The resource http://localhost:3003/logos/wordmark-midnight.svg was preloaded using link preload but not used within a few seconds from the window's load event. Please make sure it has an appropriate `as` value and it is preloaded intentionally. @ http://localhost:3003/blog:0
[ 2744717ms] [WARNING] The resource http://localhost:3003/logos/wordmark-daylight.svg was preloaded using link preload but not used within a few seconds from the window's load event. Please make sure it has an appropriate `as` value and it is preloaded intentionally. @ http://localhost:3003/blog:0
[ 2748258ms] [ERROR] ./src/lib/supabase.ts:1:1
Module not found: Can't resolve '@getClient()/getClient()-js'
> 1 | import { createClient, type SupabaseClient } from "@getClient()/getClient()-js";
    | ^^^^^^^^^^^^^^^^^^^^^^^^^^^^^^^^^^^^^^^^^^^^^^^^^^^^^^^^^^^^^^^^^^^^^^^^^^^^^^^^
  2 |
  3 | let _client: SupabaseClient | null = null;
  4 |

Import trace:
  Server Component:
    ./src/lib/supabase.ts
    ./src/app/blog/page.tsx

https://nextjs.org/docs/messages/module-not-found @ http://localhost:3003/_next/static/chunks/b2b3e_next_dist_77a734fe._.js:3127
[ 2751281ms] [WARNING] The resource http://localhost:3003/logos/wordmark-midnight.svg was preloaded using link preload but not used within a few seconds from the window's load event. Please make sure it has an appropriate `as` value and it is preloaded intentionally. @ http://localhost:3003/blog:0
[ 2751281ms] [WARNING] The resource http://localhost:3003/logos/wordmark-daylight.svg was preloaded using link preload but not used within a few seconds from the window's load event. Please make sure it has an appropriate `as` value and it is preloaded intentionally. @ http://localhost:3003/blog:0
[ 2774254ms] [ERROR] Failed to load resource: the server responded with a status of 404 (Not Found) @ http://localhost:3003/fonts/aeonik-mono/AeonikMono-Regular.woff2:0
[ 2774255ms] [ERROR] Failed to load resource: the server responded with a status of 404 (Not Found) @ http://localhost:3003/fonts/aeonik/Aeonik-Regular.woff2:0
[ 2774298ms] [ERROR] Failed to load resource: the server responded with a status of 404 (Not Found) @ http://localhost:3003/fonts/aeonik/Aeonik-Bold.woff2:0
[ 2774299ms] [ERROR] Failed to load resource: the server responded with a status of 404 (Not Found) @ http://localhost:3003/fonts/nohemi/Nohemi-Medium.woff2:0
[ 4050962ms] [WARNING] [Fast Refresh] performing full reload

Fast Refresh will perform a full reload when you edit a file that's imported by modules outside of the React rendering tree.
You might have a file which exports a React component but also exports a value that is imported by a non-React component file.
Consider migrating the non-React component export to a separate file and importing it into both files.

It is also possible the parent component of the component you edited is a class component, which disables Fast Refresh.
Fast Refresh requires at least one parent function component in your React tree. @ http://localhost:3003/_next/static/chunks/b2b3e_next_dist_77a734fe._.js:2297
[ 4050970ms] [WARNING] [Fast Refresh] performing full reload

Fast Refresh will perform a full reload when you edit a file that's imported by modules outside of the React rendering tree.
You might have a file which exports a React component but also exports a value that is imported by a non-React component file.
Consider migrating the non-React component export to a separate file and importing it into both files.

It is also possible the parent component of the component you edited is a class component, which disables Fast Refresh.
Fast Refresh requires at least one parent function component in your React tree. @ http://localhost:3003/_next/static/chunks/b2b3e_next_dist_77a734fe._.js:2297
[ 4055409ms] [ERROR] Failed to load resource: the server responded with a status of 404 (Not Found) @ http://localhost:3003/fonts/aeonik/Aeonik-Regular.woff2:0
[ 4055486ms] [ERROR] Failed to load resource: the server responded with a status of 404 (Not Found) @ http://localhost:3003/fonts/nohemi/Nohemi-Medium.woff2:0
[ 4055486ms] [ERROR] Failed to load resource: the server responded with a status of 404 (Not Found) @ http://localhost:3003/fonts/aeonik-mono/AeonikMono-Regular.woff2:0
[ 4055489ms] [ERROR] Failed to load resource: the server responded with a status of 404 (Not Found) @ http://localhost:3003/fonts/aeonik/Aeonik-Bold.woff2:0
